<?xml version="1.0" encoding="UTF-8"?>
<!-- Generated by org.testng.reporters.JUnitReportReporter -->
<testsuite hostname="Nikil" name="com.testcases.potentialTest" tests="2" failures="0" timestamp="17 Jul 2017 20:35:19 GMT" time="0.020" errors="0">
  <testcase name="createPotential" time="0.020" classname="com.testcases.potentialTest"/>
  <testcase name="DeletePotential" time="0.000" classname="com.testcases.potentialTest"/>
</testsuite> <!-- com.testcases.potentialTest -->
