<?xml version="1.0" encoding="UTF-8"?>
<!-- Generated by org.testng.reporters.JUnitReportReporter -->
<testsuite hostname="Nikil" name="com.zoho.AppTest" tests="1" failures="0" timestamp="17 Jul 2017 20:35:20 GMT" time="0.002" errors="0">
  <testcase name="testApp" time="0.002" classname="com.zoho.AppTest"/>
</testsuite> <!-- com.zoho.AppTest -->
