<?xml version="1.0" encoding="UTF-8"?>
<!-- Generated by org.testng.reporters.JUnitReportReporter -->
<testsuite hostname="Nikil" name="com.xfinity.contactus.contactus" tests="1" failures="0" timestamp="5 Aug 2017 21:34:00 GMT" time="0.011" errors="0">
  <testcase name="I_Enter_the_data_from_Excel" time="0.011" classname="com.xfinity.contactus.contactus"/>
</testsuite> <!-- com.xfinity.contactus.contactus -->
